<?xml version="1.0" encoding="UTF-8"?>
<!-- Generated by org.testng.reporters.JUnitXMLReporter -->
<testsuite hostname="C3700100417" name="Test" tests="1" failures="1" timestamp="18 May 2016 12:44:43 GMT" time="9.615" errors="0">
  <testcase name="openAnLink" time="9.591" classname="com.maventutorial.selenium.FirstTest">
    <failure type="org.openqa.selenium.WebDriverException" message="Element is not clickable at point (815.5, 353). Other element would receive the click: &amp;lt;label for=&amp;quot;persistent&amp;quot;&amp;gt;&amp;lt;/label&amp;gt;
Command duration or timeout: 71 milliseconds
Build info: version: &amp;apos;2.53.0&amp;apos;, revision: &amp;apos;35ae25b1534ae328c771e0856c93e187490ca824&amp;apos;, time: &amp;apos;2016-03-15 10:43:46&amp;apos;
System info: host: &amp;apos;C3700100417&amp;apos;, ip: &amp;apos;172.31.147.46&amp;apos;, os.name: &amp;apos;Windows 7&amp;apos;, os.arch: &amp;apos;amd64&amp;apos;, os.version: &amp;apos;6.1&amp;apos;, java.version: &amp;apos;1.8.0_91&amp;apos;
Driver info: org.openqa.selenium.firefox.FirefoxDriver
Capabilities [{applicationCacheEnabled=true, rotatable=false, handlesAlerts=true, databaseEnabled=true, version=46.0.1, platform=WINDOWS, nativeEvents=false, acceptSslCerts=true, webStorageEnabled=true, locationContextEnabled=true, browserName=firefox, takesScreenshot=true, javascriptEnabled=true, cssSelectorsEnabled=true}]
Session ID: 5f37e9b0-a1dc-4009-a0c5-0f4a522d591c">
      <![CDATA[org.openqa.selenium.WebDriverException: Element is not clickable at point (815.5, 353). Other element would receive the click: <label for="persistent"></label>
Command duration or timeout: 71 milliseconds
Build info: version: '2.53.0', revision: '35ae25b1534ae328c771e0856c93e187490ca824', time: '2016-03-15 10:43:46'
System info: host: 'C3700100417', ip: '172.31.147.46', os.name: 'Windows 7', os.arch: 'amd64', os.version: '6.1', java.version: '1.8.0_91'
Driver info: org.openqa.selenium.firefox.FirefoxDriver
Capabilities [{applicationCacheEnabled=true, rotatable=false, handlesAlerts=true, databaseEnabled=true, version=46.0.1, platform=WINDOWS, nativeEvents=false, acceptSslCerts=true, webStorageEnabled=true, locationContextEnabled=true, browserName=firefox, takesScreenshot=true, javascriptEnabled=true, cssSelectorsEnabled=true}]
Session ID: 5f37e9b0-a1dc-4009-a0c5-0f4a522d591c
	at org.openqa.selenium.remote.ErrorHandler.createThrowable(ErrorHandler.java:206)
	at org.openqa.selenium.remote.ErrorHandler.throwIfResponseFailed(ErrorHandler.java:158)
	at org.openqa.selenium.remote.RemoteWebDriver.execute(RemoteWebDriver.java:678)
	at org.openqa.selenium.remote.RemoteWebElement.execute(RemoteWebElement.java:327)
	at org.openqa.selenium.remote.RemoteWebElement.click(RemoteWebElement.java:85)
	at com.maventutorial.selenium.FirstTest.openAnLink(FirstTest.java:16)
... Removed 28 stack frames]]>
    </failure>
  </testcase> <!-- openAnLink -->
</testsuite> <!-- Test -->
